<?xml version="1.0" encoding="UTF-8"?>
<testng-results ignored="0" total="2" passed="2" failed="0" skipped="0">
  <reporter-output>
  </reporter-output>
  <suite started-at="2025-11-16T22:15:51 IST" name="Default suite" finished-at="2025-11-16T22:15:56 IST" duration-ms="5511">
    <groups>
    </groups>
    <test started-at="2025-11-16T22:15:51 IST" name="Default test" finished-at="2025-11-16T22:15:56 IST" duration-ms="5511">
      <class name="vertexStudy.LandingPageTest">
        <test-method is-config="true" signature="browserLaunch()[pri:0, instance:vertexStudy.LandingPageTest@5b12b668]" started-at="2025-11-16T22:15:20 IST" name="browserLaunch" finished-at="2025-11-16T22:15:51 IST" duration-ms="30418" status="PASS">
          <reporter-output>
          </reporter-output>
        </test-method> <!-- browserLaunch -->
        <test-method is-config="true" signature="home()[pri:0, instance:vertexStudy.LandingPageTest@5b12b668]" started-at="2025-11-16T22:15:51 IST" name="home" finished-at="2025-11-16T22:15:52 IST" duration-ms="1301" status="PASS">
          <reporter-output>
          </reporter-output>
        </test-method> <!-- home -->
        <test-method signature="contactButton()[pri:0, instance:vertexStudy.LandingPageTest@5b12b668]" started-at="2025-11-16T22:15:52 IST" name="contactButton" finished-at="2025-11-16T22:15:55 IST" duration-ms="2336" status="PASS">
          <reporter-output>
          </reporter-output>
        </test-method> <!-- contactButton -->
        <test-method is-config="true" signature="home()[pri:0, instance:vertexStudy.LandingPageTest@5b12b668]" started-at="2025-11-16T22:15:55 IST" name="home" finished-at="2025-11-16T22:15:56 IST" duration-ms="1019" status="PASS">
          <reporter-output>
          </reporter-output>
        </test-method> <!-- home -->
        <test-method signature="registerButton()[pri:0, instance:vertexStudy.LandingPageTest@5b12b668]" started-at="2025-11-16T22:15:56 IST" name="registerButton" finished-at="2025-11-16T22:15:56 IST" duration-ms="671" status="PASS">
          <reporter-output>
          </reporter-output>
        </test-method> <!-- registerButton -->
        <test-method is-config="true" signature="quitBrowser()[pri:0, instance:vertexStudy.LandingPageTest@5b12b668]" started-at="2025-11-16T22:15:57 IST" name="quitBrowser" finished-at="2025-11-16T22:15:58 IST" duration-ms="1537" status="PASS">
          <reporter-output>
          </reporter-output>
        </test-method> <!-- quitBrowser -->
      </class> <!-- vertexStudy.LandingPageTest -->
    </test> <!-- Default test -->
  </suite> <!-- Default suite -->
</testng-results>
