<?xml version="1.0" encoding="UTF-8"?>
<!-- Generated by org.testng.reporters.JUnitReportReporter -->
<testsuite hostname="WIN-AS6Q8KCEB53" failures="0" tests="9" name="RescueWayProject.homePageRescueway" time="17.198" errors="0" timestamp="2025-06-16T13:37:57 IST" skipped="0">
  <testcase classname="RescueWayProject.homePageRescueway" name="fAQRedirection" time="1.190"/>
  <testcase classname="RescueWayProject.homePageRescueway" name="mouseHoveringInHomePage" time="1.788"/>
  <testcase classname="RescueWayProject.homePageRescueway" name="careerRedirection" time="2.168"/>
  <testcase classname="RescueWayProject.homePageRescueway" name="requestAfreeQuote" time="4.663"/>
  <testcase classname="RescueWayProject.homePageRescueway" name="supportRedirection" time="1.787"/>
  <testcase classname="RescueWayProject.homePageRescueway" name="aboutRedirection" time="1.919"/>
  <testcase classname="RescueWayProject.homePageRescueway" name="serviceRedirection" time="1.268"/>
  <testcase classname="RescueWayProject.homePageRescueway" name="policyRedirection" time="1.311"/>
  <testcase classname="RescueWayProject.homePageRescueway" name="privacyRedirection" time="1.104"/>
</testsuite> <!-- RescueWayProject.homePageRescueway -->
