<?xml version="1.0" encoding="UTF-8"?>
<!-- Generated by org.testng.reporters.JUnitReportReporter -->
<testsuite hostname="WIN-AS6Q8KCEB53" failures="0" tests="2" name="vertexStudy.LandingPageTest" time="5.327" errors="0" timestamp="2025-11-16T22:15:59 IST" skipped="0">
  <testcase classname="vertexStudy.LandingPageTest" name="contactButton" time="3.355"/>
  <testcase classname="vertexStudy.LandingPageTest" name="registerButton" time="1.972"/>
</testsuite> <!-- vertexStudy.LandingPageTest -->
